<?xml version="1.0" encoding="UTF-8"?>
<!-- Generated by org.testng.reporters.JUnitXMLReporter -->
<testsuite hostname="MLLLAPH01757" ignored="0" name="Test" tests="1" failures="1" timestamp="2019-10-08T18:03:37 IST" time="27.807" errors="0">
  <testcase name="feature" time="26.779" classname="cucumber.api.testng.AbstractTestNGCucumberTests">
    <failure type="cucumber.runtime.CucumberException" message="java.lang.NullPointerException">
      <![CDATA[cucumber.runtime.CucumberException: java.lang.NullPointerException
at cucumber.api.testng.TestNGCucumberRunner.runCucumber(TestNGCucumberRunner.java:69)
at cucumber.api.testng.AbstractTestNGCucumberTests.feature(AbstractTestNGCucumberTests.java:21)
at java.util.ArrayList.forEach(Unknown Source)
Caused by: java.lang.NullPointerException
at pages.actions.Login.sendValue(Login.java:13)
at stepDefinitions.VaayuLogin.i_fill_field_with_text(VaayuLogin.java:31)
at ✽.And I fill "Username" field with text "samariya.praveen@mahindra.com"(vaayuLogin.feature:7)
... Removed 27 stack frames]]>
    </failure>
  </testcase> <!-- feature -->
</testsuite> <!-- Test -->
